#
# A fatal error has been detected by the Java Runtime Environment:
#
#  EXCEPTION_ACCESS_VIOLATION (0xc0000005) at pc=0x0000000065669cc0, pid=4244, tid=0x00000000000010fc
#
# JRE version: OpenJDK Runtime Environment (8.0_76-b03) (build 1.8.0_76-release-b03)
# Java VM: OpenJDK 64-Bit Server VM (25.76-b03 mixed mode windows-amd64 compressed oops)
# Problematic frame:
# V  [jvm.dll+0x89cc0]
#
# Failed to write core dump. Minidumps are not enabled by default on client versions of Windows
#
# If you would like to submit a bug report, please visit:
#   http://bugreport.java.com/bugreport/crash.jsp
#

---------------  T H R E A D  ---------------

Current thread (0x0000000002204000):  GCTaskThread [stack: 0x0000000012310000,0x0000000012410000] [id=4348]

siginfo: ExceptionCode=0xc0000005, reading address 0x0000000000000008

Registers:
RAX=0x0000000000000000, RBX=0x00000000ecf10070, RCX=0x00000000ecf10070, RDX=0x0000000000000000
RSP=0x000000001240f808, RBP=0x0000000000000000, RSI=0x0000000056167000, RDI=0x0000000056167000
R8 =0x0000000056167000, R9 =0x0000000000000011, R10=0x0000000000000008, R11=0x00000000f6ad0eb0
R12=0x0000000065bbfd68, R13=0x0000000000000000, R14=0x0000000000000000, R15=0x0000000002204310
RIP=0x0000000065669cc0, EFLAGS=0x0000000000010246

Top of Stack: (sp=0x000000001240f808)
0x000000001240f808:   00000000659a7792 00000000ecf2d330
0x000000001240f818:   0000000000000004 0000000056167000
0x000000001240f828:   00000000659a86a5 00000000f6ac8ec0
0x000000001240f838:   0000000000001000 0000000056167000
0x000000001240f848:   0000000000000002 0000000000000000
0x000000001240f858:   0000000002202200 0000000065bbfd68
0x000000001240f868:   00000000659a7b00 00000000f6acd854
0x000000001240f878:   0000000000000000 0000000056167000
0x000000001240f888:   0000000056167000 00000000f6acd854
0x000000001240f898:   00000000659a86a5 00000000ed7b3960
0x000000001240f8a8:   0000000000000000 0000000056167000
0x000000001240f8b8:   00000000a37c1220 00000000a37c1200
0x000000001240f8c8:   0000000000000c00 0000000000000000
0x000000001240f8d8:   0000000000000000 0000000002204300
0x000000001240f8e8:   000000005c332800 0000000065bed101
0x000000001240f8f8:   00000000657cde01 00005698a550af96 

Instructions: (pc=0x0000000065669cc0)
0x0000000065669ca0:   ac 3a 1d 00 48 8b 9c 24 c0 00 00 00 48 81 c4 b0
0x0000000065669cb0:   00 00 00 5d c3 cc cc cc cc cc cc cc cc cc cc cc
0x0000000065669cc0:   44 8b 42 08 4c 8b ca 45 85 c0 7e 0e 41 f6 c0 01
0x0000000065669cd0:   75 57 41 c1 f8 03 41 8b c0 c3 79 4d 80 3d be 5f 


Register to memory mapping:

RAX=0x0000000000000000 is an unknown value
RBX=0x00000000ecf10070 is an unknown value
RCX=0x00000000ecf10070 is an unknown value
RDX=0x0000000000000000 is an unknown value
RSP=0x000000001240f808 is an unknown value
RBP=0x0000000000000000 is an unknown value
RSI=0x0000000056167000 is an unknown value
RDI=0x0000000056167000 is an unknown value
R8 =0x0000000056167000 is an unknown value
R9 =0x0000000000000011 is an unknown value
R10=0x0000000000000008 is an unknown value
R11=0x00000000f6ad0eb0 is an oop
com.sun.org.apache.xerces.internal.dom.ElementNSImpl 
 - klass: 'com/sun/org/apache/xerces/internal/dom/ElementNSImpl'
R12=0x0000000065bbfd68 is an unknown value
R13=0x0000000000000000 is an unknown value
R14=0x0000000000000000 is an unknown value
R15=0x0000000002204310 is an unknown value


Stack: [0x0000000012310000,0x0000000012410000],  sp=0x000000001240f808,  free space=1022k
Native frames: (J=compiled Java code, j=interpreted, Vv=VM code, C=native code)


---------------  P R O C E S S  ---------------

Java Threads: ( => current thread )
  0x000000005c32c000 JavaThread "pool-117-thread-4" [_thread_blocked, id=4216, stack(0x0000000063360000,0x0000000063460000)]
  0x000000005c32d800 JavaThread "pool-117-thread-3" [_thread_blocked, id=5256, stack(0x0000000060600000,0x0000000060700000)]
  0x000000005c32e000 JavaThread "pool-117-thread-2" [_thread_blocked, id=6112, stack(0x000000005a2f0000,0x000000005a3f0000)]
  0x000000005c332800 JavaThread "pool-118-thread-1" [_thread_blocked, id=6016, stack(0x0000000061cf0000,0x0000000061df0000)]
  0x000000005c332000 JavaThread "pool-117-thread-1" [_thread_blocked, id=2500, stack(0x00000000572d0000,0x00000000573d0000)]
  0x000000005b64f000 JavaThread "pool-111-thread-2" [_thread_blocked, id=4560, stack(0x0000000061970000,0x0000000061a70000)]
  0x000000005b64e000 JavaThread "pool-111-thread-1" [_thread_blocked, id=2592, stack(0x00000000613f0000,0x00000000614f0000)]
  0x000000005b64c000 JavaThread "Asynchronous log dispatcher for org.gradle.launcher.daemon.server.DefaultDaemonConnection@2eef3ee2" [_thread_blocked, id=2240, stack(0x00000000604f0000,0x00000000605f0000)]
  0x000000005b64a800 JavaThread "Daemon worker Thread 4" [_thread_blocked, id=5868, stack(0x000000005a060000,0x000000005a160000)]
  0x000000005b64b000 JavaThread "Cancel handler" [_thread_blocked, id=4004, stack(0x0000000059970000,0x0000000059a70000)]
  0x000000005b64d800 JavaThread "Handler for socket connection from /127.0.0.1:51830 to /127.0.0.1:54130" [_thread_in_native, id=5496, stack(0x0000000059ef0000,0x0000000059ff0000)]
  0x000000005b649800 JavaThread "Daemon Thread 4" [_thread_blocked, id=5700, stack(0x0000000059cc0000,0x0000000059dc0000)]
  0x000000005c330800 JavaThread "pool-22-thread-4" [_thread_blocked, id=5184, stack(0x00000000621b0000,0x00000000622b0000)]
  0x000000005bfb8000 JavaThread "pool-22-thread-3" [_thread_blocked, id=4008, stack(0x000000005ba30000,0x000000005bb30000)]
  0x000000005bfb7000 JavaThread "pool-22-thread-2" [_thread_blocked, id=5196, stack(0x0000000061800000,0x0000000061900000)]
  0x000000005bfb2800 JavaThread "pool-22-thread-1" [_thread_blocked, id=1020, stack(0x0000000060fe0000,0x00000000610e0000)]
  0x000000005c331000 JavaThread "Java2D Disposer" daemon [_thread_blocked, id=4592, stack(0x00000000610f0000,0x00000000611f0000)]
  0x0000000059379000 JavaThread "File lock request listener" [_thread_in_native, id=2328, stack(0x000000005a1f0000,0x000000005a2f0000)]
  0x000000005881f000 JavaThread "pool-1-thread-1" [_thread_blocked, id=2952, stack(0x0000000059af0000,0x0000000059bf0000)]
  0x00000000587e7800 JavaThread "Incoming local TCP Connector on port 51830" [_thread_in_native, id=2668, stack(0x0000000059650000,0x0000000059750000)]
  0x0000000057730800 JavaThread "Service Thread" daemon [_thread_blocked, id=4040, stack(0x0000000057500000,0x0000000057600000)]
  0x00000000561df000 JavaThread "C1 CompilerThread1" daemon [_thread_blocked, id=2132, stack(0x0000000057610000,0x0000000057710000)]
  0x00000000561d9000 JavaThread "C2 CompilerThread0" daemon [_thread_blocked, id=1604, stack(0x00000000573d0000,0x00000000574d0000)]
  0x00000000561d7800 JavaThread "Attach Listener" daemon [_thread_blocked, id=3164, stack(0x00000000571d0000,0x00000000572d0000)]
  0x00000000561d6800 JavaThread "Signal Dispatcher" daemon [_thread_blocked, id=2368, stack(0x0000000057010000,0x0000000057110000)]
  0x00000000561b6000 JavaThread "Finalizer" daemon [_thread_blocked, id=3428, stack(0x0000000056e10000,0x0000000056f10000)]
  0x0000000056172800 JavaThread "Reference Handler" daemon [_thread_blocked, id=3676, stack(0x0000000056cf0000,0x0000000056df0000)]
  0x000000000235d800 JavaThread "main" [_thread_blocked, id=4340, stack(0x00000000025a0000,0x00000000026a0000)]

Other Threads:
  0x000000005616a800 VMThread [stack: 0x0000000056b10000,0x0000000056c10000] [id=4364]
  0x000000005623c800 WatcherThread [stack: 0x0000000057c90000,0x0000000057d90000] [id=632]

=>0x0000000002204000 (exited) GCTaskThread [stack: 0x0000000012310000,0x0000000012410000] [id=4348]

VM state:at safepoint (normal execution)

VM Mutex/Monitor currently owned by a thread:  ([mutex/lock_event])
[0x000000000235ba80] Threads_lock - owner thread: 0x000000005616a800
[0x000000000235bf80] Heap_lock - owner thread: 0x000000005bfb7000

Heap:
 PSYoungGen      total 441856K, used 370320K [0x00000000e0000000, 0x0000000100000000, 0x0000000100000000)
  eden space 363520K, 100% used [0x00000000e0000000,0x00000000f6300000,0x00000000f6300000)
  from space 78336K, 8% used [0x00000000faf00000,0x00000000fb5a4030,0x00000000ffb80000)
  to   space 77824K, 23% used [0x00000000f6300000,0x00000000f74d0b30,0x00000000faf00000)
 ParOldGen       total 126464K, used 58632K [0x00000000a0000000, 0x00000000a7b80000, 0x00000000e0000000)
  object space 126464K, 46% used [0x00000000a0000000,0x00000000a3942380,0x00000000a7b80000)
 Metaspace       used 79105K, capacity 82994K, committed 83328K, reserved 1122304K
  class space    used 9995K, capacity 10733K, committed 10880K, reserved 1048576K

Card table byte_map: [0x0000000011d30000,0x0000000012040000] byte_map_base: 0x0000000011830000

Marking Bits: (ParMarkBitMap*) 0x0000000065d99d00
 Begin Bits: [0x0000000012540000, 0x0000000013d40000)
 End Bits:   [0x0000000013d40000, 0x0000000015540000)

Polling page: 0x0000000000430000

CodeCache: size=245760Kb used=51781Kb max_used=51791Kb free=193978Kb
 bounds [0x0000000002970000, 0x0000000005cb0000, 0x0000000011970000]
 total_blobs=16199 nmethods=15322 adapters=788
 compilation: enabled

Compilation events (10 events):
Event: 3011.640 Thread 0x00000000561d9000 nmethod 19913 0x00000000050d0910 code [0x00000000050d0aa0, 0x00000000050d1088]
Event: 3011.640 Thread 0x00000000561d9000 19916       4       com.android.dx.dex.file.DebugInfoEncoder::convert0 (246 bytes)
Event: 3011.753 Thread 0x00000000561df000 19923       2       java.io.FileOutputStream::write (10 bytes)
Event: 3011.753 Thread 0x00000000561df000 nmethod 19923 0x0000000003e9fe90 code [0x0000000003ea0000, 0x0000000003ea0168]
Event: 3011.754 Thread 0x00000000561df000 19925       2       com.android.dx.cf.code.Ropper$CatchInfo::<init> (6 bytes)
Event: 3011.755 Thread 0x00000000561df000 nmethod 19925 0x0000000003d4a8d0 code [0x0000000003d4aa20, 0x0000000003d4abf0]
Event: 3011.756 Thread 0x00000000561df000 19926       2       com.android.dx.cf.code.Ropper$CatchInfo::<init> (21 bytes)
Event: 3011.756 Thread 0x00000000561df000 nmethod 19926 0x0000000004155e10 code [0x0000000004155f60, 0x0000000004156130]
Event: 3011.776 Thread 0x00000000561df000 19932       2       java.util.zip.DeflaterOutputStream::deflate (36 bytes)
Event: 3011.777 Thread 0x00000000561df000 nmethod 19932 0x0000000002e65510 code [0x0000000002e65680, 0x0000000002e65858]

GC Heap History (10 events):
Event: 1727.404 GC heap after
Heap after GC invocations=39 (full 6):
 PSYoungGen      total 441856K, used 59796K [0x00000000e0000000, 0x0000000100000000, 0x0000000100000000)
  eden space 368128K, 0% used [0x00000000e0000000,0x00000000e0000000,0x00000000f6780000)
  from space 73728K, 81% used [0x00000000f6780000,0x00000000fa1e52a0,0x00000000faf80000)
  to   space 80896K, 0% used [0x00000000fb100000,0x00000000fb100000,0x0000000100000000)
 ParOldGen       total 126464K, used 101712K [0x00000000a0000000, 0x00000000a7b80000, 0x00000000e0000000)
  object space 126464K, 80% used [0x00000000a0000000,0x00000000a6354358,0x00000000a7b80000)
 Metaspace       used 77842K, capacity 81500K, committed 82176K, reserved 1120256K
  class space    used 9871K, capacity 10576K, committed 10752K, reserved 1048576K
}
Event: 1727.821 GC heap before
{Heap before GC invocations=40 (full 6):
 PSYoungGen      total 441856K, used 350130K [0x00000000e0000000, 0x0000000100000000, 0x0000000100000000)
  eden space 368128K, 78% used [0x00000000e0000000,0x00000000f1b87758,0x00000000f6780000)
  from space 73728K, 81% used [0x00000000f6780000,0x00000000fa1e52a0,0x00000000faf80000)
  to   space 80896K, 0% used [0x00000000fb100000,0x00000000fb100000,0x0000000100000000)
 ParOldGen       total 126464K, used 101712K [0x00000000a0000000, 0x00000000a7b80000, 0x00000000e0000000)
  object space 126464K, 80% used [0x00000000a0000000,0x00000000a6354358,0x00000000a7b80000)
 Metaspace       used 77923K, capacity 81500K, committed 82176K, reserved 1120256K
  class space    used 9883K, capacity 10576K, committed 10752K, reserved 1048576K
Event: 1727.963 GC heap after
Heap after GC invocations=40 (full 6):
 PSYoungGen      total 443904K, used 43053K [0x00000000e0000000, 0x0000000100000000, 0x0000000100000000)
  eden space 363008K, 0% used [0x00000000e0000000,0x00000000e0000000,0x00000000f6280000)
  from space 80896K, 53% used [0x00000000fb100000,0x00000000fdb0b530,0x0000000100000000)
  to   space 80384K, 0% used [0x00000000f6280000,0x00000000f6280000,0x00000000fb100000)
 ParOldGen       total 126464K, used 102040K [0x00000000a0000000, 0x00000000a7b80000, 0x00000000e0000000)
  object space 126464K, 80% used [0x00000000a0000000,0x00000000a63a6388,0x00000000a7b80000)
 Metaspace       used 77923K, capacity 81500K, committed 82176K, reserved 1120256K
  class space    used 9883K, capacity 10576K, committed 10752K, reserved 1048576K
}
Event: 1727.963 GC heap before
{Heap before GC invocations=41 (full 7):
 PSYoungGen      total 443904K, used 43053K [0x00000000e0000000, 0x0000000100000000, 0x0000000100000000)
  eden space 363008K, 0% used [0x00000000e0000000,0x00000000e0000000,0x00000000f6280000)
  from space 80896K, 53% used [0x00000000fb100000,0x00000000fdb0b530,0x0000000100000000)
  to   space 80384K, 0% used [0x00000000f6280000,0x00000000f6280000,0x00000000fb100000)
 ParOldGen       total 126464K, used 102040K [0x00000000a0000000, 0x00000000a7b80000, 0x00000000e0000000)
  object space 126464K, 80% used [0x00000000a0000000,0x00000000a63a6388,0x00000000a7b80000)
 Metaspace       used 77923K, capacity 81500K, committed 82176K, reserved 1120256K
  class space    used 9883K, capacity 10576K, committed 10752K, reserved 1048576K
Event: 1728.579 GC heap after
Heap after GC invocations=41 (full 7):
 PSYoungGen      total 443904K, used 0K [0x00000000e0000000, 0x0000000100000000, 0x0000000100000000)
  eden space 363008K, 0% used [0x00000000e0000000,0x00000000e0000000,0x00000000f6280000)
  from space 80896K, 0% used [0x00000000fb100000,0x00000000fb100000,0x0000000100000000)
  to   space 80384K, 0% used [0x00000000f6280000,0x00000000f6280000,0x00000000fb100000)
 ParOldGen       total 126464K, used 58632K [0x00000000a0000000, 0x00000000a7b80000, 0x00000000e0000000)
  object space 126464K, 46% used [0x00000000a0000000,0x00000000a3942380,0x00000000a7b80000)
 Metaspace       used 77923K, capacity 81500K, committed 82176K, reserved 1120256K
  class space    used 9883K, capacity 10576K, committed 10752K, reserved 1048576K
}
Event: 2982.827 GC heap before
{Heap before GC invocations=42 (full 7):
 PSYoungGen      total 443904K, used 363008K [0x00000000e0000000, 0x0000000100000000, 0x0000000100000000)
  eden space 363008K, 100% used [0x00000000e0000000,0x00000000f6280000,0x00000000f6280000)
  from space 80896K, 0% used [0x00000000fb100000,0x00000000fb100000,0x0000000100000000)
  to   space 80384K, 0% used [0x00000000f6280000,0x00000000f6280000,0x00000000fb100000)
 ParOldGen       total 126464K, used 58632K [0x00000000a0000000, 0x00000000a7b80000, 0x00000000e0000000)
  object space 126464K, 46% used [0x00000000a0000000,0x00000000a3942380,0x00000000a7b80000)
 Metaspace       used 78196K, capacity 81994K, committed 82432K, reserved 1120256K
  class space    used 9911K, capacity 10619K, committed 10752K, reserved 1048576K
Event: 2983.211 GC heap after
Heap after GC invocations=42 (full 7):
 PSYoungGen      total 378880K, used 15640K [0x00000000e0000000, 0x00000000ffb80000, 0x0000000100000000)
  eden space 363008K, 0% used [0x00000000e0000000,0x00000000e0000000,0x00000000f6280000)
  from space 15872K, 98% used [0x00000000f6280000,0x00000000f71c60f8,0x00000000f7200000)
  to   space 78336K, 0% used [0x00000000faf00000,0x00000000faf00000,0x00000000ffb80000)
 ParOldGen       total 126464K, used 58632K [0x00000000a0000000, 0x00000000a7b80000, 0x00000000e0000000)
  object space 126464K, 46% used [0x00000000a0000000,0x00000000a3942380,0x00000000a7b80000)
 Metaspace       used 78196K, capacity 81994K, committed 82432K, reserved 1120256K
  class space    used 9911K, capacity 10619K, committed 10752K, reserved 1048576K
}
Event: 3004.869 GC heap before
{Heap before GC invocations=43 (full 7):
 PSYoungGen      total 378880K, used 378552K [0x00000000e0000000, 0x00000000ffb80000, 0x0000000100000000)
  eden space 363008K, 99% used [0x00000000e0000000,0x00000000f6268278,0x00000000f6280000)
  from space 15872K, 98% used [0x00000000f6280000,0x00000000f71c60f8,0x00000000f7200000)
  to   space 78336K, 0% used [0x00000000faf00000,0x00000000faf00000,0x00000000ffb80000)
 ParOldGen       total 126464K, used 58632K [0x00000000a0000000, 0x00000000a7b80000, 0x00000000e0000000)
  object space 126464K, 46% used [0x00000000a0000000,0x00000000a3942380,0x00000000a7b80000)
 Metaspace       used 78480K, capacity 82286K, committed 82688K, reserved 1122304K
  class space    used 9914K, capacity 10625K, committed 10752K, reserved 1048576K
Event: 3004.890 GC heap after
Heap after GC invocations=43 (full 7):
 PSYoungGen      total 441856K, used 6800K [0x00000000e0000000, 0x0000000100000000, 0x0000000100000000)
  eden space 363520K, 0% used [0x00000000e0000000,0x00000000e0000000,0x00000000f6300000)
  from space 78336K, 8% used [0x00000000faf00000,0x00000000fb5a4030,0x00000000ffb80000)
  to   space 77824K, 0% used [0x00000000f6300000,0x00000000f6300000,0x00000000faf00000)
 ParOldGen       total 126464K, used 58632K [0x00000000a0000000, 0x00000000a7b80000, 0x00000000e0000000)
  object space 126464K, 46% used [0x00000000a0000000,0x00000000a3942380,0x00000000a7b80000)
 Metaspace       used 78480K, capacity 82286K, committed 82688K, reserved 1122304K
  class space    used 9914K, capacity 10625K, committed 10752K, reserved 1048576K
}
Event: 3011.780 GC heap before
{Heap before GC invocations=44 (full 7):
 PSYoungGen      total 441856K, used 370320K [0x00000000e0000000, 0x0000000100000000, 0x0000000100000000)
  eden space 363520K, 100% used [0x00000000e0000000,0x00000000f6300000,0x00000000f6300000)
  from space 78336K, 8% used [0x00000000faf00000,0x00000000fb5a4030,0x00000000ffb80000)
  to   space 77824K, 0% used [0x00000000f6300000,0x00000000f6300000,0x00000000faf00000)
 ParOldGen       total 126464K, used 58632K [0x00000000a0000000, 0x00000000a7b80000, 0x00000000e0000000)
  object space 126464K, 46% used [0x00000000a0000000,0x00000000a3942380,0x00000000a7b80000)
 Metaspace       used 79105K, capacity 82994K, committed 83328K, reserved 1122304K
  class space    used 9995K, capacity 10733K, committed 10880K, reserved 1048576K

Deoptimization events (10 events):
Event: 3011.035 Thread 0x000000005c32e000 Uncommon trap: reason=unstable_if action=reinterpret pc=0x0000000005c70bb4 method=com.android.dx.rop.cst.CstInteger.make(I)Lcom/android/dx/rop/cst/CstInteger; @ 25
Event: 3011.044 Thread 0x000000005c32e000 Uncommon trap: reason=bimorphic action=maybe_recompile pc=0x00000000053a95b4 method=com.android.dx.ssa.back.FirstFitLocalCombiningAllocator.findNextUnreservedRopReg(IILcom/android/dx/ssa/back/FirstFitLocalCombiningAllocator$Alignment;)I @ 6
Event: 3011.046 Thread 0x000000005c32e000 Uncommon trap: reason=bimorphic action=maybe_recompile pc=0x00000000053a95b4 method=com.android.dx.ssa.back.FirstFitLocalCombiningAllocator.findNextUnreservedRopReg(IILcom/android/dx/ssa/back/FirstFitLocalCombiningAllocator$Alignment;)I @ 6
Event: 3011.146 Thread 0x000000005bfb6800 Uncommon trap: reason=bimorphic action=maybe_recompile pc=0x00000000053a95b4 method=com.android.dx.ssa.back.FirstFitLocalCombiningAllocator.findNextUnreservedRopReg(IILcom/android/dx/ssa/back/FirstFitLocalCombiningAllocator$Alignment;)I @ 6
Event: 3011.703 Thread 0x000000005c32c000 Uncommon trap: reason=bimorphic action=maybe_recompile pc=0x00000000053a95b4 method=com.android.dx.ssa.back.FirstFitLocalCombiningAllocator.findNextUnreservedRopReg(IILcom/android/dx/ssa/back/FirstFitLocalCombiningAllocator$Alignment;)I @ 6
Event: 3011.750 Thread 0x000000005bfb7000 Uncommon trap: reason=class_check action=maybe_recompile pc=0x000000000442d328 method=java.util.zip.ZipOutputStream.writeBytes([BII)V @ 7
Event: 3011.752 Thread 0x000000005bfb7000 Uncommon trap: reason=bimorphic action=maybe_recompile pc=0x0000000003b159cc method=java.io.BufferedOutputStream.flushBuffer()V @ 20
Event: 3011.752 Thread 0x000000005bfb7000 Uncommon trap: reason=bimorphic action=maybe_recompile pc=0x00000000058a4dac method=java.util.zip.DeflaterOutputStream.deflate()V @ 32
Event: 3011.764 Thread 0x000000005bfb7000 Uncommon trap: reason=bimorphic action=maybe_recompile pc=0x00000000058a4dac method=java.util.zip.DeflaterOutputStream.deflate()V @ 32
Event: 3011.779 Thread 0x000000005bfb7000 Uncommon trap: reason=class_check action=maybe_recompile pc=0x000000000442d328 method=java.util.zip.ZipOutputStream.writeBytes([BII)V @ 7

Internal exceptions (10 events):
Event: 2917.220 Thread 0x000000005b64a800 Exception <a 'sun/nio/fs/WindowsException'> (0x00000000e65a3338) thrown at [C:\src\android\AOSP-openjdk\external\jetbrains\jdk\hotspot\src\share\vm\prims\jni.cpp, line 709]
Event: 2917.220 Thread 0x000000005b64a800 Exception <a 'sun/nio/fs/WindowsException'> (0x00000000e65a3fc0) thrown at [C:\src\android\AOSP-openjdk\external\jetbrains\jdk\hotspot\src\share\vm\prims\jni.cpp, line 709]
Event: 2917.220 Thread 0x000000005b64a800 Exception <a 'sun/nio/fs/WindowsException'> (0x00000000e65a7328) thrown at [C:\src\android\AOSP-openjdk\external\jetbrains\jdk\hotspot\src\share\vm\prims\jni.cpp, line 709]
Event: 2917.221 Thread 0x000000005b64a800 Exception <a 'sun/nio/fs/WindowsException'> (0x00000000e65a7e38) thrown at [C:\src\android\AOSP-openjdk\external\jetbrains\jdk\hotspot\src\share\vm\prims\jni.cpp, line 709]
Event: 2917.221 Thread 0x000000005b64a800 Exception <a 'sun/nio/fs/WindowsException'> (0x00000000e65a9988) thrown at [C:\src\android\AOSP-openjdk\external\jetbrains\jdk\hotspot\src\share\vm\prims\jni.cpp, line 709]
Event: 2917.221 Thread 0x000000005b64a800 Exception <a 'sun/nio/fs/WindowsException'> (0x00000000e65aa4d0) thrown at [C:\src\android\AOSP-openjdk\external\jetbrains\jdk\hotspot\src\share\vm\prims\jni.cpp, line 709]
Event: 2919.722 Thread 0x000000005b64a800 Exception <a 'sun/nio/fs/WindowsException'> (0x00000000e7ef1750) thrown at [C:\src\android\AOSP-openjdk\external\jetbrains\jdk\hotspot\src\share\vm\prims\jni.cpp, line 709]
Event: 2919.831 Thread 0x000000005b64a800 Implicit null exception at 0x0000000004a8c34f to 0x0000000004a8ce59
Event: 2976.061 Thread 0x000000005b64a800 Implicit null exception at 0x00000000059742c2 to 0x0000000005977a29
Event: 2976.061 Thread 0x000000005b64a800 Implicit null exception at 0x000000000596c79c to 0x000000000596cb65

Events (10 events):
Event: 3011.760 Thread 0x000000005c332000 DEOPT UNPACKING pc=0x00000000029b71bf sp=0x00000000573ceaf0 mode 0
Event: 3011.764 Thread 0x000000005bfb7000 Uncommon trap: trap_request=0xffffffc6 fr.pc=0x00000000058a4dac
Event: 3011.764 Thread 0x000000005bfb7000 DEOPT PACKING pc=0x00000000058a4dac sp=0x00000000618fe770
Event: 3011.764 Thread 0x000000005bfb7000 DEOPT UNPACKING pc=0x00000000029b556a sp=0x00000000618fe750 mode 2
Event: 3011.769 Thread 0x000000005c32c000 DEOPT PACKING pc=0x00000000055729ae sp=0x000000006345f230
Event: 3011.769 Thread 0x000000005c32c000 DEOPT UNPACKING pc=0x00000000029b71bf sp=0x000000006345f018 mode 0
Event: 3011.779 Thread 0x000000005bfb7000 Uncommon trap: trap_request=0xffffffde fr.pc=0x000000000442d328
Event: 3011.779 Thread 0x000000005bfb7000 DEOPT PACKING pc=0x000000000442d328 sp=0x00000000618fe790
Event: 3011.779 Thread 0x000000005bfb7000 DEOPT UNPACKING pc=0x00000000029b556a sp=0x00000000618fe700 mode 2
Event: 3011.780 Executing VM operation: ParallelGCFailedAllocation


Dynamic libraries:
0x000000013f1c0000 - 0x000000013f1f1000 	D:\Program Files (x86)\Android\jre\bin\java.exe
0x0000000077010000 - 0x00000000771b9000 	C:\Windows\SYSTEM32\ntdll.dll
0x0000000076df0000 - 0x0000000076f0f000 	C:\Windows\system32\kernel32.dll
0x000007fefd010000 - 0x000007fefd07b000 	C:\Windows\system32\KERNELBASE.dll
0x000007fefe4b0000 - 0x000007fefe58b000 	C:\Windows\system32\ADVAPI32.dll
0x000007fefefa0000 - 0x000007feff03f000 	C:\Windows\system32\msvcrt.dll
0x000007fefe7a0000 - 0x000007fefe7bf000 	C:\Windows\SYSTEM32\sechost.dll
0x000007fefec10000 - 0x000007fefed3d000 	C:\Windows\system32\RPCRT4.dll
0x0000000076f10000 - 0x000000007700a000 	C:\Windows\system32\USER32.dll
0x000007fefe0c0000 - 0x000007fefe127000 	C:\Windows\system32\GDI32.dll
0x000007fefe3e0000 - 0x000007fefe3ee000 	C:\Windows\system32\LPK.dll
0x000007fefeb40000 - 0x000007fefec09000 	C:\Windows\system32\USP10.dll
0x000007fefb780000 - 0x000007fefb974000 	C:\Windows\WinSxS\amd64_microsoft.windows.common-controls_6595b64144ccf1df_6.0.7601.17514_none_fa396087175ac9ac\COMCTL32.dll
0x000007fefed40000 - 0x000007fefedb1000 	C:\Windows\system32\SHLWAPI.dll
0x000007fefe7c0000 - 0x000007fefe7ee000 	C:\Windows\system32\IMM32.DLL
0x000007fefe2d0000 - 0x000007fefe3d9000 	C:\Windows\system32\MSCTF.dll
0x000000006cdb0000 - 0x000000006ce82000 	D:\Program Files (x86)\Android\jre\jre\bin\msvcr100.dll
0x00000000655e0000 - 0x0000000065e14000 	D:\Program Files (x86)\Android\jre\jre\bin\server\jvm.dll
0x000007fef3c90000 - 0x000007fef3c99000 	C:\Windows\system32\WSOCK32.dll
0x000007fefe280000 - 0x000007fefe2cd000 	C:\Windows\system32\WS2_32.dll
0x000007fefe270000 - 0x000007fefe278000 	C:\Windows\system32\NSI.dll
0x000007fef9d20000 - 0x000007fef9d5b000 	C:\Windows\system32\WINMM.dll
0x000007fefc0a0000 - 0x000007fefc0ac000 	C:\Windows\system32\VERSION.dll
0x00000000771e0000 - 0x00000000771e7000 	C:\Windows\system32\PSAPI.DLL
0x000007fef8df0000 - 0x000007fef8dff000 	D:\Program Files (x86)\Android\jre\jre\bin\verify.dll
0x000007fef10a0000 - 0x000007fef10c9000 	D:\Program Files (x86)\Android\jre\jre\bin\java.dll
0x000007fef3f50000 - 0x000007fef3f66000 	D:\Program Files (x86)\Android\jre\jre\bin\zip.dll
0x000007fefd330000 - 0x000007fefe0b8000 	C:\Windows\system32\SHELL32.dll
0x000007fefe590000 - 0x000007fefe793000 	C:\Windows\system32\ole32.dll
0x000007fefcf60000 - 0x000007fefcf6f000 	C:\Windows\system32\profapi.dll
0x000007fef1a70000 - 0x000007fef1a8a000 	D:\Program Files (x86)\Android\jre\jre\bin\net.dll
0x000007fefc790000 - 0x000007fefc7e5000 	C:\Windows\system32\mswsock.dll
0x000007fefc780000 - 0x000007fefc787000 	C:\Windows\System32\wship6.dll
0x000007fef1f90000 - 0x000007fef1fa1000 	D:\Program Files (x86)\Android\jre\jre\bin\nio.dll
0x000007fef8d80000 - 0x000007fef8d92000 	C:\Users\Game\.gradle\native\19\windows-amd64\native-platform.dll
0x000007fefc7f0000 - 0x000007fefc807000 	C:\Windows\system32\CRYPTSP.dll
0x000007fefc4f0000 - 0x000007fefc537000 	C:\Windows\system32\rsaenh.dll
0x000007fefc2b0000 - 0x000007fefc2ce000 	C:\Windows\system32\USERENV.dll
0x000007fefce90000 - 0x000007fefce9f000 	C:\Windows\system32\CRYPTBASE.dll
0x000007fefadd0000 - 0x000007fefadf7000 	C:\Windows\system32\IPHLPAPI.DLL
0x000007fefad90000 - 0x000007fefad9b000 	C:\Windows\system32\WINNSI.DLL
0x000007fefaac0000 - 0x000007fefaad1000 	C:\Windows\system32\dhcpcsvc6.DLL
0x000007fefaaa0000 - 0x000007fefaab8000 	C:\Windows\system32\dhcpcsvc.DLL
0x000007fef8e50000 - 0x000007fef8e5d000 	D:\Program Files (x86)\Android\jre\jre\bin\management.dll
0x000007fefce30000 - 0x000007fefce87000 	C:\Windows\system32\apphelp.dll
0x000007feeba40000 - 0x000007feebbd3000 	D:\Program Files (x86)\Android\jre\jre\bin\awt.dll
0x000007fefe130000 - 0x000007fefe207000 	C:\Windows\system32\OLEAUT32.dll
0x000007fefaca0000 - 0x000007fefacb8000 	C:\Windows\system32\DWMAPI.DLL
0x000007fef0fd0000 - 0x000007fef0ff4000 	D:\Program Files (x86)\Android\jre\jre\bin\sunec.dll
0x000007fef6040000 - 0x000007fef604b000 	D:\Program Files (x86)\Android\jre\jre\bin\sunmscapi.dll
0x000007fefd1a0000 - 0x000007fefd307000 	C:\Windows\system32\CRYPT32.dll
0x000007fefd000000 - 0x000007fefd00f000 	C:\Windows\system32\MSASN1.dll
0x000007fefa650000 - 0x000007fefa775000 	C:\Windows\system32\dbghelp.dll

VM Arguments:
jvm_args: -Xmx1536m -Dfile.encoding=windows-1251 -Duser.country=RU -Duser.language=ru -Duser.variant 
java_command: org.gradle.launcher.daemon.bootstrap.GradleDaemon 2.14.1
java_class_path (initial): D:\Program Files (x86)\Android\gradle\gradle-2.14.1\lib\gradle-launcher-2.14.1.jar
Launcher Type: SUN_STANDARD

Environment Variables:
PATH=C:\ProgramData\Oracle\Java\javapath;C:\Windows\system32;C:\Windows;C:\Windows\System32\Wbem;C:\Windows\System32\WindowsPowerShell\v1.0\;D:\Program Files\OpenVPN\bin;C:\Program Files (x86)\Skype\Phone\;C:\Program Files\Git\cmd
USERNAME=Game
OS=Windows_NT
PROCESSOR_IDENTIFIER=Intel64 Family 6 Model 23 Stepping 10, GenuineIntel



---------------  S Y S T E M  ---------------

OS: Windows 7 , 64 bit Build 7601 (6.1.7601.17514)

CPU:total 2 (2 cores per cpu, 1 threads per core) family 6 model 23 stepping 10, cmov, cx8, fxsr, mmx, sse, sse2, sse3, ssse3, tsc

Memory: 4k page, physical 4193528k(650624k free), swap 8385212k(3819816k free)

vm_info: OpenJDK 64-Bit Server VM (25.76-b03) for windows-amd64 JRE (1.8.0_76-release-b03), built on Jun 29 2016 19:09:20 by "ralucas" with MS VC++ 10.0 (VS2010)

time: Thu Dec 15 13:10:14 2016
elapsed time: 3012 seconds (0d 0h 50m 12s)

